19:56:00 INFO  : Registering command handlers for SDK TCF services
19:56:01 INFO  : Launching XSCT server: xsct.bat -interactive D:\fpga\AM_Decoder\AM_Decoder.sdk\temp_xsdb_launch_script.tcl
19:56:03 INFO  : XSCT server has started successfully.
19:56:05 INFO  : Successfully done setting XSCT server connection channel  
19:56:05 INFO  : Successfully done setting SDK workspace  
19:56:05 INFO  : Processing command line option -hwspec D:/fpga/AM_Decoder/AM_Decoder.sdk/main.hdf.
19:59:12 INFO  : Connected to target on host '127.0.0.1' and port '3121'.
19:59:13 INFO  : Jtag cable 'Digilent JTAG-SMT2 B17787B8ABCD' is selected.
19:59:13 INFO  : 'jtag frequency' command is executed.
19:59:13 INFO  : Sourcing of 'D:/fpga/AM_Decoder/AM_Decoder.sdk/main_hw_platform_0/ps7_init.tcl' is done.
19:59:13 INFO  : Context for 'APU' is selected.
19:59:13 INFO  : System reset is completed.
19:59:16 INFO  : 'after 3000' command is executed.
19:59:16 INFO  : 'targets -set -filter {jtag_cable_name =~ "Digilent JTAG-SMT2 B17787B8ABCD" && level==0} -index 1' command is executed.
19:59:19 INFO  : FPGA configured successfully with bitstream "D:/fpga/AM_Decoder/AM_Decoder.sdk/main_hw_platform_0/main.bit"
19:59:19 INFO  : Context for 'APU' is selected.
19:59:19 INFO  : Hardware design information is loaded from 'D:/fpga/AM_Decoder/AM_Decoder.sdk/main_hw_platform_0/system.hdf'.
19:59:19 INFO  : 'configparams force-mem-access 1' command is executed.
19:59:19 INFO  : Context for 'APU' is selected.
19:59:19 INFO  : 'ps7_init' command is executed.
19:59:19 INFO  : 'ps7_post_config' command is executed.
19:59:19 INFO  : Context for processor 'ps7_cortexa9_0' is selected.
19:59:19 INFO  : The application 'D:/fpga/AM_Decoder/AM_Decoder.sdk/Receiver/Debug/Receiver.elf' is downloaded to processor 'ps7_cortexa9_0'.
19:59:19 INFO  : 'configparams force-mem-access 0' command is executed.
19:59:19 INFO  : ----------------XSDB Script----------------
connect -url tcp:127.0.0.1:3121
source D:/fpga/AM_Decoder/AM_Decoder.sdk/main_hw_platform_0/ps7_init.tcl
targets -set -nocase -filter {name =~"APU*" && jtag_cable_name =~ "Digilent JTAG-SMT2 B17787B8ABCD"} -index 0
rst -system
after 3000
targets -set -filter {jtag_cable_name =~ "Digilent JTAG-SMT2 B17787B8ABCD" && level==0} -index 1
fpga -file D:/fpga/AM_Decoder/AM_Decoder.sdk/main_hw_platform_0/main.bit
targets -set -nocase -filter {name =~"APU*" && jtag_cable_name =~ "Digilent JTAG-SMT2 B17787B8ABCD"} -index 0
loadhw -hw D:/fpga/AM_Decoder/AM_Decoder.sdk/main_hw_platform_0/system.hdf -mem-ranges [list {0x40000000 0xbfffffff}]
configparams force-mem-access 1
targets -set -nocase -filter {name =~"APU*" && jtag_cable_name =~ "Digilent JTAG-SMT2 B17787B8ABCD"} -index 0
ps7_init
ps7_post_config
targets -set -nocase -filter {name =~ "ARM*#0" && jtag_cable_name =~ "Digilent JTAG-SMT2 B17787B8ABCD"} -index 0
dow D:/fpga/AM_Decoder/AM_Decoder.sdk/Receiver/Debug/Receiver.elf
configparams force-mem-access 0
----------------End of Script----------------

19:59:19 INFO  : Context for processor 'ps7_cortexa9_0' is selected.
19:59:19 INFO  : 'con' command is executed.
19:59:19 INFO  : ----------------XSDB Script (After Launch)----------------
targets -set -nocase -filter {name =~ "ARM*#0" && jtag_cable_name =~ "Digilent JTAG-SMT2 B17787B8ABCD"} -index 0
con
----------------End of Script----------------

19:59:19 INFO  : Disconnected from the channel tcfchan#1.
17:20:21 INFO  : Registering command handlers for SDK TCF services
17:20:21 INFO  : Launching XSCT server: xsct.bat -interactive D:\fpga\AM_Decoder\AM_Decoder.sdk\temp_xsdb_launch_script.tcl
17:20:23 INFO  : XSCT server has started successfully.
17:20:26 INFO  : Successfully done setting XSCT server connection channel  
17:20:26 INFO  : Successfully done setting SDK workspace  
17:20:26 INFO  : Processing command line option -hwspec D:/fpga/AM_Decoder/AM_Decoder.sdk/main.hdf.
17:20:26 INFO  : Checking for hwspec changes in the project main_hw_platform_0.
17:21:40 INFO  : Connected to target on host '127.0.0.1' and port '3121'.
17:21:40 INFO  : Jtag cable 'Digilent JTAG-SMT2 B17787B8ABCD' is selected.
17:21:40 INFO  : 'jtag frequency' command is executed.
17:21:40 INFO  : Sourcing of 'D:/fpga/AM_Decoder/AM_Decoder.sdk/main_hw_platform_0/ps7_init.tcl' is done.
17:21:40 INFO  : Context for 'APU' is selected.
17:21:40 INFO  : System reset is completed.
17:21:44 INFO  : 'after 3000' command is executed.
17:21:44 INFO  : 'targets -set -filter {jtag_cable_name =~ "Digilent JTAG-SMT2 B17787B8ABCD" && level==0} -index 1' command is executed.
17:21:46 INFO  : FPGA configured successfully with bitstream "D:/fpga/AM_Decoder/AM_Decoder.sdk/main_hw_platform_0/main.bit"
17:21:46 INFO  : Context for 'APU' is selected.
17:21:46 INFO  : Hardware design information is loaded from 'D:/fpga/AM_Decoder/AM_Decoder.sdk/main_hw_platform_0/system.hdf'.
17:21:46 INFO  : 'configparams force-mem-access 1' command is executed.
17:21:46 INFO  : Context for 'APU' is selected.
17:21:47 INFO  : 'ps7_init' command is executed.
17:21:47 INFO  : 'ps7_post_config' command is executed.
17:21:47 INFO  : Context for processor 'ps7_cortexa9_0' is selected.
17:21:47 INFO  : The application 'D:/fpga/AM_Decoder/AM_Decoder.sdk/Receiver/Debug/Receiver.elf' is downloaded to processor 'ps7_cortexa9_0'.
17:21:47 INFO  : 'configparams force-mem-access 0' command is executed.
17:21:47 INFO  : ----------------XSDB Script----------------
connect -url tcp:127.0.0.1:3121
source D:/fpga/AM_Decoder/AM_Decoder.sdk/main_hw_platform_0/ps7_init.tcl
targets -set -nocase -filter {name =~"APU*" && jtag_cable_name =~ "Digilent JTAG-SMT2 B17787B8ABCD"} -index 0
rst -system
after 3000
targets -set -filter {jtag_cable_name =~ "Digilent JTAG-SMT2 B17787B8ABCD" && level==0} -index 1
fpga -file D:/fpga/AM_Decoder/AM_Decoder.sdk/main_hw_platform_0/main.bit
targets -set -nocase -filter {name =~"APU*" && jtag_cable_name =~ "Digilent JTAG-SMT2 B17787B8ABCD"} -index 0
loadhw -hw D:/fpga/AM_Decoder/AM_Decoder.sdk/main_hw_platform_0/system.hdf -mem-ranges [list {0x40000000 0xbfffffff}]
configparams force-mem-access 1
targets -set -nocase -filter {name =~"APU*" && jtag_cable_name =~ "Digilent JTAG-SMT2 B17787B8ABCD"} -index 0
ps7_init
ps7_post_config
targets -set -nocase -filter {name =~ "ARM*#0" && jtag_cable_name =~ "Digilent JTAG-SMT2 B17787B8ABCD"} -index 0
dow D:/fpga/AM_Decoder/AM_Decoder.sdk/Receiver/Debug/Receiver.elf
configparams force-mem-access 0
----------------End of Script----------------

17:21:47 INFO  : Context for processor 'ps7_cortexa9_0' is selected.
17:21:47 INFO  : 'con' command is executed.
17:21:47 INFO  : ----------------XSDB Script (After Launch)----------------
targets -set -nocase -filter {name =~ "ARM*#0" && jtag_cable_name =~ "Digilent JTAG-SMT2 B17787B8ABCD"} -index 0
con
----------------End of Script----------------

17:21:47 INFO  : Disconnected from the channel tcfchan#1.
20:26:47 INFO  : Connected to target on host '127.0.0.1' and port '3121'.
20:26:48 INFO  : Jtag cable 'Digilent JTAG-SMT2 B17787B8ABCD' is selected.
20:26:48 INFO  : 'jtag frequency' command is executed.
20:26:48 INFO  : Sourcing of 'D:/fpga/AM_Decoder/AM_Decoder.sdk/main_hw_platform_0/ps7_init.tcl' is done.
20:26:48 INFO  : Context for 'APU' is selected.
20:26:48 INFO  : System reset is completed.
20:26:51 INFO  : 'after 3000' command is executed.
20:26:51 INFO  : 'targets -set -filter {jtag_cable_name =~ "Digilent JTAG-SMT2 B17787B8ABCD" && level==0} -index 1' command is executed.
20:26:54 INFO  : FPGA configured successfully with bitstream "D:/fpga/AM_Decoder/AM_Decoder.sdk/main_hw_platform_0/main.bit"
20:26:54 INFO  : Context for 'APU' is selected.
20:26:54 INFO  : Hardware design information is loaded from 'D:/fpga/AM_Decoder/AM_Decoder.sdk/main_hw_platform_0/system.hdf'.
20:26:54 INFO  : 'configparams force-mem-access 1' command is executed.
20:26:54 INFO  : Context for 'APU' is selected.
20:26:55 INFO  : 'ps7_init' command is executed.
20:26:55 INFO  : 'ps7_post_config' command is executed.
20:26:55 INFO  : Context for processor 'ps7_cortexa9_0' is selected.
20:26:55 INFO  : The application 'D:/fpga/AM_Decoder/AM_Decoder.sdk/Receiver/Debug/Receiver.elf' is downloaded to processor 'ps7_cortexa9_0'.
20:26:55 INFO  : 'configparams force-mem-access 0' command is executed.
20:26:55 INFO  : ----------------XSDB Script----------------
connect -url tcp:127.0.0.1:3121
source D:/fpga/AM_Decoder/AM_Decoder.sdk/main_hw_platform_0/ps7_init.tcl
targets -set -nocase -filter {name =~"APU*" && jtag_cable_name =~ "Digilent JTAG-SMT2 B17787B8ABCD"} -index 0
rst -system
after 3000
targets -set -filter {jtag_cable_name =~ "Digilent JTAG-SMT2 B17787B8ABCD" && level==0} -index 1
fpga -file D:/fpga/AM_Decoder/AM_Decoder.sdk/main_hw_platform_0/main.bit
targets -set -nocase -filter {name =~"APU*" && jtag_cable_name =~ "Digilent JTAG-SMT2 B17787B8ABCD"} -index 0
loadhw -hw D:/fpga/AM_Decoder/AM_Decoder.sdk/main_hw_platform_0/system.hdf -mem-ranges [list {0x40000000 0xbfffffff}]
configparams force-mem-access 1
targets -set -nocase -filter {name =~"APU*" && jtag_cable_name =~ "Digilent JTAG-SMT2 B17787B8ABCD"} -index 0
ps7_init
ps7_post_config
targets -set -nocase -filter {name =~ "ARM*#0" && jtag_cable_name =~ "Digilent JTAG-SMT2 B17787B8ABCD"} -index 0
dow D:/fpga/AM_Decoder/AM_Decoder.sdk/Receiver/Debug/Receiver.elf
configparams force-mem-access 0
----------------End of Script----------------

20:26:55 INFO  : Context for processor 'ps7_cortexa9_0' is selected.
20:26:55 INFO  : 'con' command is executed.
20:26:55 INFO  : ----------------XSDB Script (After Launch)----------------
targets -set -nocase -filter {name =~ "ARM*#0" && jtag_cable_name =~ "Digilent JTAG-SMT2 B17787B8ABCD"} -index 0
con
----------------End of Script----------------

20:26:55 INFO  : Disconnected from the channel tcfchan#2.
15:54:09 INFO  : Registering command handlers for SDK TCF services
15:54:09 INFO  : Launching XSCT server: xsct.bat -interactive D:\fpga\AM_Decoder\AM_Decoder.sdk\temp_xsdb_launch_script.tcl
15:54:11 INFO  : XSCT server has started successfully.
15:54:14 INFO  : Successfully done setting XSCT server connection channel  
15:54:14 INFO  : Successfully done setting SDK workspace  
15:54:14 INFO  : Processing command line option -hwspec D:/fpga/AM_Decoder/AM_Decoder.sdk/main.hdf.
15:54:14 INFO  : Checking for hwspec changes in the project main_hw_platform_0.
15:54:28 INFO  : Connected to target on host '127.0.0.1' and port '3121'.
15:54:28 INFO  : Jtag cable 'Digilent JTAG-SMT2 B17787B8ABCD' is selected.
15:54:28 INFO  : 'jtag frequency' command is executed.
15:54:28 INFO  : Sourcing of 'D:/fpga/AM_Decoder/AM_Decoder.sdk/main_hw_platform_0/ps7_init.tcl' is done.
15:54:28 INFO  : Context for 'APU' is selected.
15:54:28 INFO  : System reset is completed.
15:54:31 INFO  : 'after 3000' command is executed.
15:54:31 INFO  : 'targets -set -filter {jtag_cable_name =~ "Digilent JTAG-SMT2 B17787B8ABCD" && level==0} -index 1' command is executed.
15:54:34 INFO  : FPGA configured successfully with bitstream "D:/fpga/AM_Decoder/AM_Decoder.sdk/main_hw_platform_0/main.bit"
15:54:34 INFO  : Context for 'APU' is selected.
15:54:34 INFO  : Hardware design information is loaded from 'D:/fpga/AM_Decoder/AM_Decoder.sdk/main_hw_platform_0/system.hdf'.
15:54:34 INFO  : 'configparams force-mem-access 1' command is executed.
15:54:34 INFO  : Context for 'APU' is selected.
15:54:34 INFO  : 'ps7_init' command is executed.
15:54:34 INFO  : 'ps7_post_config' command is executed.
15:54:34 INFO  : Context for processor 'ps7_cortexa9_0' is selected.
15:54:34 INFO  : The application 'D:/fpga/AM_Decoder/AM_Decoder.sdk/Receiver/Debug/Receiver.elf' is downloaded to processor 'ps7_cortexa9_0'.
15:54:34 INFO  : 'configparams force-mem-access 0' command is executed.
15:54:34 INFO  : ----------------XSDB Script----------------
connect -url tcp:127.0.0.1:3121
source D:/fpga/AM_Decoder/AM_Decoder.sdk/main_hw_platform_0/ps7_init.tcl
targets -set -nocase -filter {name =~"APU*" && jtag_cable_name =~ "Digilent JTAG-SMT2 B17787B8ABCD"} -index 0
rst -system
after 3000
targets -set -filter {jtag_cable_name =~ "Digilent JTAG-SMT2 B17787B8ABCD" && level==0} -index 1
fpga -file D:/fpga/AM_Decoder/AM_Decoder.sdk/main_hw_platform_0/main.bit
targets -set -nocase -filter {name =~"APU*" && jtag_cable_name =~ "Digilent JTAG-SMT2 B17787B8ABCD"} -index 0
loadhw -hw D:/fpga/AM_Decoder/AM_Decoder.sdk/main_hw_platform_0/system.hdf -mem-ranges [list {0x40000000 0xbfffffff}]
configparams force-mem-access 1
targets -set -nocase -filter {name =~"APU*" && jtag_cable_name =~ "Digilent JTAG-SMT2 B17787B8ABCD"} -index 0
ps7_init
ps7_post_config
targets -set -nocase -filter {name =~ "ARM*#0" && jtag_cable_name =~ "Digilent JTAG-SMT2 B17787B8ABCD"} -index 0
dow D:/fpga/AM_Decoder/AM_Decoder.sdk/Receiver/Debug/Receiver.elf
configparams force-mem-access 0
----------------End of Script----------------

15:54:34 INFO  : Context for processor 'ps7_cortexa9_0' is selected.
15:54:34 INFO  : 'con' command is executed.
15:54:34 INFO  : ----------------XSDB Script (After Launch)----------------
targets -set -nocase -filter {name =~ "ARM*#0" && jtag_cable_name =~ "Digilent JTAG-SMT2 B17787B8ABCD"} -index 0
con
----------------End of Script----------------

15:54:34 INFO  : Disconnected from the channel tcfchan#1.
16:52:35 INFO  : Connected to target on host '127.0.0.1' and port '3121'.
16:52:36 INFO  : Jtag cable 'Digilent JTAG-SMT2 B17787B8ABCD' is selected.
16:52:36 INFO  : 'jtag frequency' command is executed.
16:52:36 INFO  : Sourcing of 'D:/fpga/AM_Decoder/AM_Decoder.sdk/main_hw_platform_0/ps7_init.tcl' is done.
16:52:36 INFO  : Context for 'APU' is selected.
16:52:36 INFO  : System reset is completed.
16:52:39 INFO  : 'after 3000' command is executed.
16:52:39 INFO  : 'targets -set -filter {jtag_cable_name =~ "Digilent JTAG-SMT2 B17787B8ABCD" && level==0} -index 1' command is executed.
16:52:41 INFO  : FPGA configured successfully with bitstream "D:/fpga/AM_Decoder/AM_Decoder.sdk/main_hw_platform_0/main.bit"
16:52:41 INFO  : Context for 'APU' is selected.
16:52:42 INFO  : Hardware design information is loaded from 'D:/fpga/AM_Decoder/AM_Decoder.sdk/main_hw_platform_0/system.hdf'.
16:52:42 INFO  : 'configparams force-mem-access 1' command is executed.
16:52:42 INFO  : Context for 'APU' is selected.
16:52:42 INFO  : 'ps7_init' command is executed.
16:52:42 INFO  : 'ps7_post_config' command is executed.
16:52:42 INFO  : Context for processor 'ps7_cortexa9_0' is selected.
16:52:42 INFO  : The application 'D:/fpga/AM_Decoder/AM_Decoder.sdk/Receiver/Debug/Receiver.elf' is downloaded to processor 'ps7_cortexa9_0'.
16:52:42 INFO  : 'configparams force-mem-access 0' command is executed.
16:52:42 INFO  : ----------------XSDB Script----------------
connect -url tcp:127.0.0.1:3121
source D:/fpga/AM_Decoder/AM_Decoder.sdk/main_hw_platform_0/ps7_init.tcl
targets -set -nocase -filter {name =~"APU*" && jtag_cable_name =~ "Digilent JTAG-SMT2 B17787B8ABCD"} -index 0
rst -system
after 3000
targets -set -filter {jtag_cable_name =~ "Digilent JTAG-SMT2 B17787B8ABCD" && level==0} -index 1
fpga -file D:/fpga/AM_Decoder/AM_Decoder.sdk/main_hw_platform_0/main.bit
targets -set -nocase -filter {name =~"APU*" && jtag_cable_name =~ "Digilent JTAG-SMT2 B17787B8ABCD"} -index 0
loadhw -hw D:/fpga/AM_Decoder/AM_Decoder.sdk/main_hw_platform_0/system.hdf -mem-ranges [list {0x40000000 0xbfffffff}]
configparams force-mem-access 1
targets -set -nocase -filter {name =~"APU*" && jtag_cable_name =~ "Digilent JTAG-SMT2 B17787B8ABCD"} -index 0
ps7_init
ps7_post_config
targets -set -nocase -filter {name =~ "ARM*#0" && jtag_cable_name =~ "Digilent JTAG-SMT2 B17787B8ABCD"} -index 0
dow D:/fpga/AM_Decoder/AM_Decoder.sdk/Receiver/Debug/Receiver.elf
configparams force-mem-access 0
----------------End of Script----------------

16:52:42 INFO  : Context for processor 'ps7_cortexa9_0' is selected.
16:52:42 INFO  : 'con' command is executed.
16:52:42 INFO  : ----------------XSDB Script (After Launch)----------------
targets -set -nocase -filter {name =~ "ARM*#0" && jtag_cable_name =~ "Digilent JTAG-SMT2 B17787B8ABCD"} -index 0
con
----------------End of Script----------------

16:52:42 INFO  : Disconnected from the channel tcfchan#2.
