
*** Running vivado
    with args -log fir_compiler_0.vds -m64 -product Vivado -mode batch -messageDb vivado.pb -notrace -source fir_compiler_0.tcl


****** Vivado v2018.3 (64-bit)
  **** SW Build 2405991 on Thu Dec  6 23:38:27 MST 2018
  **** IP Build 2404404 on Fri Dec  7 01:43:56 MST 2018
    ** Copyright 1986-2018 Xilinx, Inc. All Rights Reserved.

source fir_compiler_0.tcl -notrace
Command: synth_design -top fir_compiler_0 -part xc7z020clg484-2 -mode out_of_context
Starting synth_design
Attempting to get a license for feature 'Synthesis' and/or device 'xc7z020'
INFO: [Common 17-349] Got license for feature 'Synthesis' and/or device 'xc7z020'
INFO: Launching helper process for spawning children vivado processes
INFO: Helper process launched with PID 30976 
---------------------------------------------------------------------------------
Starting RTL Elaboration : Time (s): cpu = 00:00:02 ; elapsed = 00:00:03 . Memory (MB): peak = 395.180 ; gain = 99.535
---------------------------------------------------------------------------------
INFO: [Synth 8-638] synthesizing module 'fir_compiler_0' [d:/fpga/AM_Decoder/AM_Decoder.srcs/sources_1/ip/fir_compiler_0/synth/fir_compiler_0.vhd:70]
	Parameter C_XDEVICEFAMILY bound to: zynq - type: string 
	Parameter C_ELABORATION_DIR bound to: ./ - type: string 
	Parameter C_COMPONENT_NAME bound to: fir_compiler_0 - type: string 
	Parameter C_COEF_FILE bound to: fir_compiler_0.mif - type: string 
	Parameter C_COEF_FILE_LINES bound to: 129 - type: integer 
	Parameter C_FILTER_TYPE bound to: 0 - type: integer 
	Parameter C_INTERP_RATE bound to: 1 - type: integer 
	Parameter C_DECIM_RATE bound to: 1 - type: integer 
	Parameter C_ZERO_PACKING_FACTOR bound to: 1 - type: integer 
	Parameter C_SYMMETRY bound to: 1 - type: integer 
	Parameter C_NUM_FILTS bound to: 1 - type: integer 
	Parameter C_NUM_TAPS bound to: 257 - type: integer 
	Parameter C_NUM_CHANNELS bound to: 1 - type: integer 
	Parameter C_CHANNEL_PATTERN bound to: fixed - type: string 
	Parameter C_ROUND_MODE bound to: 4 - type: integer 
	Parameter C_COEF_RELOAD bound to: 0 - type: integer 
	Parameter C_NUM_RELOAD_SLOTS bound to: 1 - type: integer 
	Parameter C_COL_MODE bound to: 1 - type: integer 
	Parameter C_COL_PIPE_LEN bound to: 4 - type: integer 
	Parameter C_COL_CONFIG bound to: 60,60,9 - type: string 
	Parameter C_OPTIMIZATION bound to: 0 - type: integer 
	Parameter C_DATA_PATH_WIDTHS bound to: 14,14 - type: string 
	Parameter C_DATA_IP_PATH_WIDTHS bound to: 28 - type: string 
	Parameter C_DATA_PX_PATH_WIDTHS bound to: 28 - type: string 
	Parameter C_DATA_WIDTH bound to: 28 - type: integer 
	Parameter C_COEF_PATH_WIDTHS bound to: 16,16 - type: string 
	Parameter C_COEF_WIDTH bound to: 16 - type: integer 
	Parameter C_DATA_PATH_SRC bound to: 0,1 - type: string 
	Parameter C_COEF_PATH_SRC bound to: 0,0 - type: string 
	Parameter C_PX_PATH_SRC bound to: 0,1 - type: string 
	Parameter C_DATA_PATH_SIGN bound to: 1,0 - type: string 
	Parameter C_COEF_PATH_SIGN bound to: 0,0 - type: string 
	Parameter C_ACCUM_PATH_WIDTHS bound to: 34,33 - type: string 
	Parameter C_OUTPUT_WIDTH bound to: 16 - type: integer 
	Parameter C_OUTPUT_PATH_WIDTHS bound to: 16 - type: string 
	Parameter C_ACCUM_OP_PATH_WIDTHS bound to: 47 - type: string 
	Parameter C_EXT_MULT_CNFG bound to: 0,1,0,14 - type: string 
	Parameter C_DATA_PATH_PSAMP_SRC bound to: 0 - type: string 
	Parameter C_OP_PATH_PSAMP_SRC bound to: 0 - type: string 
	Parameter C_NUM_MADDS bound to: 129 - type: integer 
	Parameter C_OPT_MADDS bound to: none - type: string 
	Parameter C_OVERSAMPLING_RATE bound to: 1 - type: integer 
	Parameter C_INPUT_RATE bound to: 1 - type: integer 
	Parameter C_OUTPUT_RATE bound to: 1 - type: integer 
	Parameter C_DATA_MEMTYPE bound to: 0 - type: integer 
	Parameter C_COEF_MEMTYPE bound to: 2 - type: integer 
	Parameter C_IPBUFF_MEMTYPE bound to: 0 - type: integer 
	Parameter C_OPBUFF_MEMTYPE bound to: 0 - type: integer 
	Parameter C_DATAPATH_MEMTYPE bound to: 0 - type: integer 
	Parameter C_MEM_ARRANGEMENT bound to: 1 - type: integer 
	Parameter C_DATA_MEM_PACKING bound to: 0 - type: integer 
	Parameter C_COEF_MEM_PACKING bound to: 0 - type: integer 
	Parameter C_FILTS_PACKED bound to: 0 - type: integer 
	Parameter C_LATENCY bound to: 145 - type: integer 
	Parameter C_HAS_ARESETn bound to: 0 - type: integer 
	Parameter C_HAS_ACLKEN bound to: 0 - type: integer 
	Parameter C_DATA_HAS_TLAST bound to: 0 - type: integer 
	Parameter C_S_DATA_HAS_FIFO bound to: 1 - type: integer 
	Parameter C_S_DATA_HAS_TUSER bound to: 0 - type: integer 
	Parameter C_S_DATA_TDATA_WIDTH bound to: 32 - type: integer 
	Parameter C_S_DATA_TUSER_WIDTH bound to: 1 - type: integer 
	Parameter C_M_DATA_HAS_TREADY bound to: 0 - type: integer 
	Parameter C_M_DATA_HAS_TUSER bound to: 0 - type: integer 
	Parameter C_M_DATA_TDATA_WIDTH bound to: 16 - type: integer 
	Parameter C_M_DATA_TUSER_WIDTH bound to: 1 - type: integer 
	Parameter C_HAS_CONFIG_CHANNEL bound to: 0 - type: integer 
	Parameter C_CONFIG_SYNC_MODE bound to: 0 - type: integer 
	Parameter C_CONFIG_PACKET_SIZE bound to: 0 - type: integer 
	Parameter C_CONFIG_TDATA_WIDTH bound to: 1 - type: integer 
	Parameter C_RELOAD_TDATA_WIDTH bound to: 1 - type: integer 
INFO: [Synth 8-3491] module 'fir_compiler_v7_2_11' declared at 'd:/fpga/AM_Decoder/AM_Decoder.srcs/sources_1/ip/fir_compiler_0/hdl/fir_compiler_v7_2_vh_rfs.vhd:61157' bound to instance 'U0' of component 'fir_compiler_v7_2_11' [d:/fpga/AM_Decoder/AM_Decoder.srcs/sources_1/ip/fir_compiler_0/synth/fir_compiler_0.vhd:198]
WARNING: [Synth 8-5858] RAM p_casc_reg from Abstract Data Type (record/struct) for this pattern/configuration is not supported. This will most likely be implemented in registers
WARNING: [Synth 8-5858] RAM p_path_out_reg from Abstract Data Type (record/struct) for this pattern/configuration is not supported. This will most likely be implemented in registers
INFO: [Synth 8-256] done synthesizing module 'fir_compiler_0' (15#1) [d:/fpga/AM_Decoder/AM_Decoder.srcs/sources_1/ip/fir_compiler_0/synth/fir_compiler_0.vhd:70]
WARNING: [Synth 8-3331] design delay__parameterized133 has unconnected port SCLR
WARNING: [Synth 8-3331] design delay__parameterized133 has unconnected port SCLR_ALT
WARNING: [Synth 8-3331] design buff__parameterized0 has unconnected port RE
WARNING: [Synth 8-3331] design buff__parameterized0 has unconnected port SCLR
WARNING: [Synth 8-3331] design delay__parameterized134 has unconnected port SCLR
WARNING: [Synth 8-3331] design delay__parameterized134 has unconnected port SCLR_ALT
WARNING: [Synth 8-3331] design buff__parameterized1 has unconnected port RE
WARNING: [Synth 8-3331] design buff__parameterized1 has unconnected port SCLR
WARNING: [Synth 8-3331] design delay__parameterized2 has unconnected port SCLR_ALT
WARNING: [Synth 8-3331] design buff has unconnected port RE
WARNING: [Synth 8-3331] design buff has unconnected port SCLR
WARNING: [Synth 8-3331] design delay__parameterized139 has unconnected port WE
WARNING: [Synth 8-3331] design delay__parameterized139 has unconnected port CE
WARNING: [Synth 8-3331] design delay__parameterized139 has unconnected port SCLR
WARNING: [Synth 8-3331] design delay__parameterized139 has unconnected port SCLR_ALT
WARNING: [Synth 8-3331] design delay__parameterized139 has unconnected port CLK
WARNING: [Synth 8-3331] design delay__parameterized137 has unconnected port WE
WARNING: [Synth 8-3331] design delay__parameterized137 has unconnected port CE
WARNING: [Synth 8-3331] design delay__parameterized137 has unconnected port SCLR
WARNING: [Synth 8-3331] design delay__parameterized137 has unconnected port SCLR_ALT
WARNING: [Synth 8-3331] design delay__parameterized137 has unconnected port CLK
WARNING: [Synth 8-3331] design delay__parameterized136 has unconnected port WE
WARNING: [Synth 8-3331] design delay__parameterized136 has unconnected port CE
WARNING: [Synth 8-3331] design delay__parameterized136 has unconnected port SCLR
WARNING: [Synth 8-3331] design delay__parameterized136 has unconnected port SCLR_ALT
WARNING: [Synth 8-3331] design delay__parameterized136 has unconnected port CLK
WARNING: [Synth 8-3331] design calc__parameterized2 has unconnected port PRE_ADDSUB
WARNING: [Synth 8-3331] design calc__parameterized2 has unconnected port CED
WARNING: [Synth 8-3331] design delay__parameterized135 has unconnected port WE
WARNING: [Synth 8-3331] design delay__parameterized135 has unconnected port CE
WARNING: [Synth 8-3331] design delay__parameterized135 has unconnected port SCLR
WARNING: [Synth 8-3331] design delay__parameterized135 has unconnected port SCLR_ALT
WARNING: [Synth 8-3331] design delay__parameterized135 has unconnected port CLK
WARNING: [Synth 8-3331] design addsub_mult_add__parameterized6 has unconnected port POUT[casc][52]
WARNING: [Synth 8-3331] design addsub_mult_add__parameterized6 has unconnected port POUT[casc][51]
WARNING: [Synth 8-3331] design addsub_mult_add__parameterized6 has unconnected port POUT[casc][50]
WARNING: [Synth 8-3331] design addsub_mult_add__parameterized6 has unconnected port POUT[casc][49]
WARNING: [Synth 8-3331] design addsub_mult_add__parameterized6 has unconnected port POUT[casc][48]
WARNING: [Synth 8-3331] design addsub_mult_add__parameterized6 has unconnected port P_EN
WARNING: [Synth 8-3331] design addsub_mult_add__parameterized6 has unconnected port OPCODE[9]
WARNING: [Synth 8-3331] design addsub_mult_add__parameterized6 has unconnected port OPCODE[8]
WARNING: [Synth 8-3331] design addsub_mult_add__parameterized6 has unconnected port OPCODE[7]
WARNING: [Synth 8-3331] design addsub_mult_add__parameterized6 has unconnected port OPCODE[6]
WARNING: [Synth 8-3331] design addsub_mult_add__parameterized6 has unconnected port OPCODE[5]
WARNING: [Synth 8-3331] design addsub_mult_add__parameterized6 has unconnected port OPCODE[4]
WARNING: [Synth 8-3331] design addsub_mult_add__parameterized6 has unconnected port OPCODE[3]
WARNING: [Synth 8-3331] design addsub_mult_add__parameterized6 has unconnected port OPCODE[2]
WARNING: [Synth 8-3331] design addsub_mult_add__parameterized6 has unconnected port OPCODE[1]
WARNING: [Synth 8-3331] design addsub_mult_add__parameterized6 has unconnected port OPCODE[0]
WARNING: [Synth 8-3331] design addsub_mult_add__parameterized6 has unconnected port CIN[32]
WARNING: [Synth 8-3331] design addsub_mult_add__parameterized6 has unconnected port CIN[31]
WARNING: [Synth 8-3331] design addsub_mult_add__parameterized6 has unconnected port CIN[30]
WARNING: [Synth 8-3331] design addsub_mult_add__parameterized6 has unconnected port CIN[29]
WARNING: [Synth 8-3331] design addsub_mult_add__parameterized6 has unconnected port CIN[28]
WARNING: [Synth 8-3331] design addsub_mult_add__parameterized6 has unconnected port CIN[27]
WARNING: [Synth 8-3331] design addsub_mult_add__parameterized6 has unconnected port CIN[26]
WARNING: [Synth 8-3331] design addsub_mult_add__parameterized6 has unconnected port CIN[25]
WARNING: [Synth 8-3331] design addsub_mult_add__parameterized6 has unconnected port CIN[24]
WARNING: [Synth 8-3331] design addsub_mult_add__parameterized6 has unconnected port CIN[23]
WARNING: [Synth 8-3331] design addsub_mult_add__parameterized6 has unconnected port CIN[22]
WARNING: [Synth 8-3331] design addsub_mult_add__parameterized6 has unconnected port CIN[21]
WARNING: [Synth 8-3331] design addsub_mult_add__parameterized6 has unconnected port CIN[20]
WARNING: [Synth 8-3331] design addsub_mult_add__parameterized6 has unconnected port CIN[19]
WARNING: [Synth 8-3331] design addsub_mult_add__parameterized6 has unconnected port CIN[18]
WARNING: [Synth 8-3331] design addsub_mult_add__parameterized6 has unconnected port CIN[17]
WARNING: [Synth 8-3331] design addsub_mult_add__parameterized6 has unconnected port CIN[16]
WARNING: [Synth 8-3331] design addsub_mult_add__parameterized6 has unconnected port CIN[15]
WARNING: [Synth 8-3331] design addsub_mult_add__parameterized6 has unconnected port CIN[14]
WARNING: [Synth 8-3331] design addsub_mult_add__parameterized6 has unconnected port CIN[13]
WARNING: [Synth 8-3331] design addsub_mult_add__parameterized6 has unconnected port CIN[12]
WARNING: [Synth 8-3331] design addsub_mult_add__parameterized6 has unconnected port CIN[11]
WARNING: [Synth 8-3331] design addsub_mult_add__parameterized6 has unconnected port CIN[10]
WARNING: [Synth 8-3331] design addsub_mult_add__parameterized6 has unconnected port CIN[9]
WARNING: [Synth 8-3331] design addsub_mult_add__parameterized6 has unconnected port CIN[8]
WARNING: [Synth 8-3331] design addsub_mult_add__parameterized6 has unconnected port CIN[7]
WARNING: [Synth 8-3331] design addsub_mult_add__parameterized6 has unconnected port CIN[6]
WARNING: [Synth 8-3331] design addsub_mult_add__parameterized6 has unconnected port CIN[5]
WARNING: [Synth 8-3331] design addsub_mult_add__parameterized6 has unconnected port CIN[4]
WARNING: [Synth 8-3331] design addsub_mult_add__parameterized6 has unconnected port CIN[3]
WARNING: [Synth 8-3331] design addsub_mult_add__parameterized6 has unconnected port CIN[2]
WARNING: [Synth 8-3331] design addsub_mult_add__parameterized6 has unconnected port CIN[1]
WARNING: [Synth 8-3331] design addsub_mult_add__parameterized6 has unconnected port CIN[0]
WARNING: [Synth 8-3331] design addsub_mult_add__parameterized6 has unconnected port PIN[casc][52]
WARNING: [Synth 8-3331] design addsub_mult_add__parameterized6 has unconnected port PIN[casc][51]
WARNING: [Synth 8-3331] design addsub_mult_add__parameterized6 has unconnected port PIN[casc][50]
WARNING: [Synth 8-3331] design addsub_mult_add__parameterized6 has unconnected port PIN[casc][49]
WARNING: [Synth 8-3331] design addsub_mult_add__parameterized6 has unconnected port PIN[casc][48]
WARNING: [Synth 8-3331] design addsub_mult_add__parameterized6 has unconnected port PIN[casc][47]
WARNING: [Synth 8-3331] design addsub_mult_add__parameterized6 has unconnected port PIN[casc][46]
WARNING: [Synth 8-3331] design addsub_mult_add__parameterized6 has unconnected port PIN[casc][45]
WARNING: [Synth 8-3331] design addsub_mult_add__parameterized6 has unconnected port PIN[casc][44]
WARNING: [Synth 8-3331] design addsub_mult_add__parameterized6 has unconnected port PIN[casc][43]
WARNING: [Synth 8-3331] design addsub_mult_add__parameterized6 has unconnected port PIN[casc][42]
WARNING: [Synth 8-3331] design addsub_mult_add__parameterized6 has unconnected port PIN[casc][41]
WARNING: [Synth 8-3331] design addsub_mult_add__parameterized6 has unconnected port PIN[casc][40]
WARNING: [Synth 8-3331] design addsub_mult_add__parameterized6 has unconnected port PIN[casc][39]
WARNING: [Synth 8-3331] design addsub_mult_add__parameterized6 has unconnected port PIN[casc][38]
WARNING: [Synth 8-3331] design addsub_mult_add__parameterized6 has unconnected port PIN[casc][37]
WARNING: [Synth 8-3331] design addsub_mult_add__parameterized6 has unconnected port PIN[casc][36]
WARNING: [Synth 8-3331] design addsub_mult_add__parameterized6 has unconnected port PIN[casc][35]
INFO: [Common 17-14] Message 'Synth 8-3331' appears 100 times and further instances of the messages will be disabled. Use the Tcl command set_msg_config to change the current settings.
---------------------------------------------------------------------------------
Finished RTL Elaboration : Time (s): cpu = 00:00:29 ; elapsed = 00:00:31 . Memory (MB): peak = 1040.262 ; gain = 744.617
---------------------------------------------------------------------------------

Report Check Netlist: 
+------+------------------+-------+---------+-------+------------------+
|      |Item              |Errors |Warnings |Status |Description       |
+------+------------------+-------+---------+-------+------------------+
|1     |multi_driven_nets |      0|        0|Passed |Multi driven nets |
+------+------------------+-------+---------+-------+------------------+
---------------------------------------------------------------------------------
Start Handling Custom Attributes
---------------------------------------------------------------------------------
---------------------------------------------------------------------------------
Finished Handling Custom Attributes : Time (s): cpu = 00:00:30 ; elapsed = 00:00:32 . Memory (MB): peak = 1040.262 ; gain = 744.617
---------------------------------------------------------------------------------
---------------------------------------------------------------------------------
Finished RTL Optimization Phase 1 : Time (s): cpu = 00:00:30 ; elapsed = 00:00:32 . Memory (MB): peak = 1040.262 ; gain = 744.617
---------------------------------------------------------------------------------
INFO: [Netlist 29-17] Analyzing 259 Unisim elements for replacement
INFO: [Netlist 29-28] Unisim Transformation completed in 0 CPU seconds
INFO: [Device 21-403] Loading part xc7z020clg484-2
INFO: [Project 1-570] Preparing netlist for logic optimization

Processing XDC Constraints
Initializing timing engine
Parsing XDC File [d:/fpga/AM_Decoder/AM_Decoder.srcs/sources_1/ip/fir_compiler_0/fir_compiler_0_ooc.xdc] for cell 'U0'
Finished Parsing XDC File [d:/fpga/AM_Decoder/AM_Decoder.srcs/sources_1/ip/fir_compiler_0/fir_compiler_0_ooc.xdc] for cell 'U0'
Parsing XDC File [d:/fpga/AM_Decoder/AM_Decoder.srcs/sources_1/ip/fir_compiler_0/constraints/fir_compiler_v7_2.xdc] for cell 'U0'
Finished Parsing XDC File [d:/fpga/AM_Decoder/AM_Decoder.srcs/sources_1/ip/fir_compiler_0/constraints/fir_compiler_v7_2.xdc] for cell 'U0'
Parsing XDC File [D:/fpga/AM_Decoder/AM_Decoder.runs/fir_compiler_0_synth_1/dont_touch.xdc]
Finished Parsing XDC File [D:/fpga/AM_Decoder/AM_Decoder.runs/fir_compiler_0_synth_1/dont_touch.xdc]
Completed Processing XDC Constraints

Netlist sorting complete. Time (s): cpu = 00:00:00 ; elapsed = 00:00:00.067 . Memory (MB): peak = 1686.242 ; gain = 0.000
INFO: [Project 1-111] Unisim Transformation Summary:
No Unisim elements were transformed.

Netlist sorting complete. Time (s): cpu = 00:00:00 ; elapsed = 00:00:00.067 . Memory (MB): peak = 1809.121 ; gain = 1.938
Constraint Validation Runtime : Time (s): cpu = 00:00:02 ; elapsed = 00:00:02 . Memory (MB): peak = 1815.570 ; gain = 129.328
---------------------------------------------------------------------------------
Finished Constraint Validation : Time (s): cpu = 00:01:36 ; elapsed = 00:01:40 . Memory (MB): peak = 1815.570 ; gain = 1519.926
---------------------------------------------------------------------------------
---------------------------------------------------------------------------------
Start Loading Part and Timing Information
---------------------------------------------------------------------------------
Loading part: xc7z020clg484-2
---------------------------------------------------------------------------------
Finished Loading Part and Timing Information : Time (s): cpu = 00:01:36 ; elapsed = 00:01:40 . Memory (MB): peak = 1815.570 ; gain = 1519.926
---------------------------------------------------------------------------------
---------------------------------------------------------------------------------
Start Applying 'set_property' XDC Constraints
---------------------------------------------------------------------------------
Applied set_property DONT_TOUCH = true for U0. (constraint file  D:/fpga/AM_Decoder/AM_Decoder.runs/fir_compiler_0_synth_1/dont_touch.xdc, line 9).
---------------------------------------------------------------------------------
Finished applying 'set_property' XDC Constraints : Time (s): cpu = 00:01:36 ; elapsed = 00:01:40 . Memory (MB): peak = 1815.570 ; gain = 1519.926
---------------------------------------------------------------------------------
---------------------------------------------------------------------------------
Finished RTL Optimization Phase 2 : Time (s): cpu = 00:01:46 ; elapsed = 00:01:50 . Memory (MB): peak = 1815.570 ; gain = 1519.926
---------------------------------------------------------------------------------

Report RTL Partitions: 
+------+------------------+------------+----------+
|      |RTL Partition     |Replication |Instances |
+------+------------------+------------+----------+
|1     |single_rate__GB0  |           1|     32844|
|2     |single_rate__GB1  |           1|      8688|
|3     |single_rate__GB2  |           1|     10761|
|4     |single_rate__GB3  |           1|     13615|
|5     |single_rate__GB4  |           1|     16604|
|6     |single_rate__GB5  |           1|     21208|
|7     |single_rate__GB6  |           1|     25867|
|8     |single_rate__GB7  |           1|     32342|
|9     |single_rate__GB8  |           1|     30289|
|10    |single_rate__GB9  |           1|     10538|
|11    |single_rate__GB10 |           1|     30814|
|12    |single_rate__GB11 |           1|      8385|
|13    |single_rate__GB12 |           1|     11533|
+------+------------------+------------+----------+
---------------------------------------------------------------------------------
Start RTL Component Statistics 
---------------------------------------------------------------------------------
---------------------------------------------------------------------------------
Finished RTL Component Statistics 
---------------------------------------------------------------------------------
---------------------------------------------------------------------------------
Start RTL Hierarchical Component Statistics 
---------------------------------------------------------------------------------
---------------------------------------------------------------------------------
Finished RTL Hierarchical Component Statistics
---------------------------------------------------------------------------------
---------------------------------------------------------------------------------
Start Part Resource Summary
---------------------------------------------------------------------------------
Part Resources:
DSPs: 220 (col length:60)
BRAMs: 280 (col length: RAMB18 60 RAMB36 30)
---------------------------------------------------------------------------------
Finished Part Resource Summary
---------------------------------------------------------------------------------
INFO: [Synth 8-5580] Multithreading enabled for synth_design using a maximum of 2 processes.
---------------------------------------------------------------------------------
Start Cross Boundary and Area Optimization
---------------------------------------------------------------------------------
INFO: [Common 17-14] Message 'Synth 8-3331' appears 100 times and further instances of the messages will be disabled. Use the Tcl command set_msg_config to change the current settings.
INFO: [Synth 8-3917] design single_rate__GB9 has port sclr_pipe driven by constant 0
INFO: [Synth 8-3333] propagating constant 0 across sequential element (\g_m_data_chan_no_fifo.m_axis_data_tlast_int_reg )
INFO: [Synth 8-3333] propagating constant 1 across sequential element (\g_parallel.rfd_int_reg )
---------------------------------------------------------------------------------
Finished Cross Boundary and Area Optimization : Time (s): cpu = 00:02:06 ; elapsed = 00:02:21 . Memory (MB): peak = 1815.570 ; gain = 1519.926
---------------------------------------------------------------------------------
WARNING: [Synth 8-3323] Resources of type DSP have been overutilized. Used = 259, Available = 220. Use report_utilization command for details.

Report RTL Partitions: 
+------+------------------+------------+----------+
|      |RTL Partition     |Replication |Instances |
+------+------------------+------------+----------+
|1     |single_rate__GB0  |           1|     31984|
|2     |single_rate__GB1  |           1|      8652|
|3     |single_rate__GB2  |           1|     10738|
|4     |single_rate__GB3  |           1|     13594|
|5     |single_rate__GB4  |           1|     16534|
|6     |single_rate__GB5  |           1|     21168|
|7     |single_rate__GB6  |           1|     25830|
|8     |single_rate__GB7  |           1|     32284|
|9     |single_rate__GB8  |           1|     30256|
|10    |single_rate__GB9  |           1|     10522|
|11    |single_rate__GB10 |           1|     30766|
|12    |single_rate__GB11 |           1|      8372|
|13    |single_rate__GB12 |           1|     11511|
+------+------------------+------------+----------+
---------------------------------------------------------------------------------
Start Applying XDC Timing Constraints
---------------------------------------------------------------------------------
---------------------------------------------------------------------------------
Finished Applying XDC Timing Constraints : Time (s): cpu = 00:02:15 ; elapsed = 00:02:30 . Memory (MB): peak = 1815.570 ; gain = 1519.926
---------------------------------------------------------------------------------
---------------------------------------------------------------------------------
Start Timing Optimization
---------------------------------------------------------------------------------
---------------------------------------------------------------------------------
Finished Timing Optimization : Time (s): cpu = 00:02:20 ; elapsed = 00:02:35 . Memory (MB): peak = 1815.570 ; gain = 1519.926
---------------------------------------------------------------------------------

Report RTL Partitions: 
+------+------------------+------------+----------+
|      |RTL Partition     |Replication |Instances |
+------+------------------+------------+----------+
|1     |single_rate__GB0  |           1|     31984|
|2     |single_rate__GB1  |           1|      8652|
|3     |single_rate__GB2  |           1|     10738|
|4     |single_rate__GB3  |           1|     13594|
|5     |single_rate__GB4  |           1|     16534|
|6     |single_rate__GB5  |           1|     21168|
|7     |single_rate__GB6  |           1|     25830|
|8     |single_rate__GB7  |           1|     32284|
|9     |single_rate__GB8  |           1|     30256|
|10    |single_rate__GB9  |           1|     10519|
|11    |single_rate__GB10 |           1|     30766|
|12    |single_rate__GB11 |           1|      8372|
|13    |single_rate__GB12 |           1|     11509|
+------+------------------+------------+----------+
---------------------------------------------------------------------------------
Start Technology Mapping
---------------------------------------------------------------------------------
---------------------------------------------------------------------------------
Finished Technology Mapping : Time (s): cpu = 00:02:42 ; elapsed = 00:03:03 . Memory (MB): peak = 1815.570 ; gain = 1519.926
---------------------------------------------------------------------------------

Report RTL Partitions: 
+------+------------------+------------+----------+
|      |RTL Partition     |Replication |Instances |
+------+------------------+------------+----------+
|1     |single_rate__GB0  |           1|     31983|
|2     |single_rate__GB1  |           1|      8652|
|3     |single_rate__GB2  |           1|     10738|
|4     |single_rate__GB3  |           1|     13594|
|5     |single_rate__GB4  |           1|     16534|
|6     |single_rate__GB5  |           1|     21168|
|7     |single_rate__GB6  |           1|     25830|
|8     |single_rate__GB7  |           1|     32284|
|9     |single_rate__GB8  |           1|     30256|
|10    |single_rate__GB9  |           1|     10519|
|11    |single_rate__GB10 |           1|     30707|
|12    |single_rate__GB11 |           1|      8372|
|13    |single_rate__GB12 |           1|     11509|
+------+------------------+------------+----------+
---------------------------------------------------------------------------------
Start IO Insertion
---------------------------------------------------------------------------------
---------------------------------------------------------------------------------
Start Flattening Before IO Insertion
---------------------------------------------------------------------------------
---------------------------------------------------------------------------------
Finished Flattening Before IO Insertion
---------------------------------------------------------------------------------
---------------------------------------------------------------------------------
Start Final Netlist Cleanup
---------------------------------------------------------------------------------
INFO: [Synth 8-3886] merging instance 'U0/i_synth/g_single_rate.i_single_rate/g_parallel.i_latch_op/gen_dly.gen_shiftreg.gen_rtl_delay.delay_bus_reg[0][0]' (FD) to 'U0/i_synth/g_single_rate.i_single_rate/g_parallel.i_cntrl_src/gen_reg.d_reg_reg[0]'
---------------------------------------------------------------------------------
Finished Final Netlist Cleanup
---------------------------------------------------------------------------------
---------------------------------------------------------------------------------
Finished IO Insertion : Time (s): cpu = 00:02:53 ; elapsed = 00:03:15 . Memory (MB): peak = 1815.570 ; gain = 1519.926
---------------------------------------------------------------------------------

Report Check Netlist: 
+------+------------------+-------+---------+-------+------------------+
|      |Item              |Errors |Warnings |Status |Description       |
+------+------------------+-------+---------+-------+------------------+
|1     |multi_driven_nets |      0|        0|Passed |Multi driven nets |
+------+------------------+-------+---------+-------+------------------+
---------------------------------------------------------------------------------
Start Renaming Generated Instances
---------------------------------------------------------------------------------
---------------------------------------------------------------------------------
Finished Renaming Generated Instances : Time (s): cpu = 00:02:53 ; elapsed = 00:03:15 . Memory (MB): peak = 1815.570 ; gain = 1519.926
---------------------------------------------------------------------------------

Report RTL Partitions: 
+-+--------------+------------+----------+
| |RTL Partition |Replication |Instances |
+-+--------------+------------+----------+
+-+--------------+------------+----------+
---------------------------------------------------------------------------------
Start Rebuilding User Hierarchy
---------------------------------------------------------------------------------
---------------------------------------------------------------------------------
Finished Rebuilding User Hierarchy : Time (s): cpu = 00:02:56 ; elapsed = 00:03:17 . Memory (MB): peak = 1815.570 ; gain = 1519.926
---------------------------------------------------------------------------------
---------------------------------------------------------------------------------
Start Renaming Generated Ports
---------------------------------------------------------------------------------
---------------------------------------------------------------------------------
Finished Renaming Generated Ports : Time (s): cpu = 00:02:56 ; elapsed = 00:03:17 . Memory (MB): peak = 1815.570 ; gain = 1519.926
---------------------------------------------------------------------------------
---------------------------------------------------------------------------------
Start Handling Custom Attributes
---------------------------------------------------------------------------------
---------------------------------------------------------------------------------
Finished Handling Custom Attributes : Time (s): cpu = 00:02:56 ; elapsed = 00:03:18 . Memory (MB): peak = 1815.570 ; gain = 1519.926
---------------------------------------------------------------------------------
---------------------------------------------------------------------------------
Start Renaming Generated Nets
---------------------------------------------------------------------------------
---------------------------------------------------------------------------------
Finished Renaming Generated Nets : Time (s): cpu = 00:02:56 ; elapsed = 00:03:18 . Memory (MB): peak = 1815.570 ; gain = 1519.926
---------------------------------------------------------------------------------
---------------------------------------------------------------------------------
Start Writing Synthesis Report
---------------------------------------------------------------------------------

Report BlackBoxes: 
+-+--------------+----------+
| |BlackBox name |Instances |
+-+--------------+----------+
+-+--------------+----------+

Report Cell Usage: 
+------+----------+------+
|      |Cell      |Count |
+------+----------+------+
|1     |DSP48E1   |     1|
|2     |DSP48E1_1 |     1|
|3     |DSP48E1_2 |   128|
|4     |DSP48E1_3 |     1|
|5     |DSP48E1_4 |   128|
|6     |LUT2      |     2|
|7     |LUT3      |     3|
|8     |LUT4      |     1|
|9     |LUT5      |     2|
|10    |LUT6      |     3|
|11    |SRL16E    |  4309|
|12    |SRLC32E   |  8825|
|13    |FDRE      | 11249|
+------+----------+------+
---------------------------------------------------------------------------------
Finished Writing Synthesis Report : Time (s): cpu = 00:02:56 ; elapsed = 00:03:18 . Memory (MB): peak = 1815.570 ; gain = 1519.926
---------------------------------------------------------------------------------
Synthesis finished with 0 errors, 0 critical warnings and 116 warnings.
Synthesis Optimization Runtime : Time (s): cpu = 00:01:22 ; elapsed = 00:02:13 . Memory (MB): peak = 1815.570 ; gain = 744.617
Synthesis Optimization Complete : Time (s): cpu = 00:02:56 ; elapsed = 00:03:18 . Memory (MB): peak = 1815.570 ; gain = 1519.926
INFO: [Project 1-571] Translating synthesized netlist
INFO: [Netlist 29-17] Analyzing 259 Unisim elements for replacement
INFO: [Netlist 29-28] Unisim Transformation completed in 0 CPU seconds
INFO: [Project 1-570] Preparing netlist for logic optimization
INFO: [Opt 31-138] Pushed 0 inverter(s) to 0 load pin(s).
Netlist sorting complete. Time (s): cpu = 00:00:00 ; elapsed = 00:00:00.007 . Memory (MB): peak = 1815.570 ; gain = 0.000
INFO: [Project 1-111] Unisim Transformation Summary:
No Unisim elements were transformed.

INFO: [Common 17-83] Releasing license: Synthesis
23 Infos, 103 Warnings, 0 Critical Warnings and 0 Errors encountered.
synth_design completed successfully
synth_design: Time (s): cpu = 00:03:00 ; elapsed = 00:03:24 . Memory (MB): peak = 1815.570 ; gain = 1527.910
Netlist sorting complete. Time (s): cpu = 00:00:00 ; elapsed = 00:00:00.008 . Memory (MB): peak = 1815.570 ; gain = 0.000
WARNING: [Constraints 18-5210] No constraints selected for write.
Resolution: This message can indicate that there are no constraints for the design, or it can indicate that the used_in flags are set such that the constraints are ignored. This later case is used when running synth_design to not write synthesis constraints to the resulting checkpoint. Instead, project constraints are read when the synthesized design is opened.
INFO: [Common 17-1381] The checkpoint 'D:/fpga/AM_Decoder/AM_Decoder.runs/fir_compiler_0_synth_1/fir_compiler_0.dcp' has been generated.
INFO: [Coretcl 2-1648] Added synthesis output to IP cache for IP fir_compiler_0, cache-ID = aec3a1a8b4cb997f
INFO: [Coretcl 2-1174] Renamed 1818 cell refs.
Netlist sorting complete. Time (s): cpu = 00:00:00 ; elapsed = 00:00:00.007 . Memory (MB): peak = 1815.570 ; gain = 0.000
WARNING: [Constraints 18-5210] No constraints selected for write.
Resolution: This message can indicate that there are no constraints for the design, or it can indicate that the used_in flags are set such that the constraints are ignored. This later case is used when running synth_design to not write synthesis constraints to the resulting checkpoint. Instead, project constraints are read when the synthesized design is opened.
INFO: [Common 17-1381] The checkpoint 'D:/fpga/AM_Decoder/AM_Decoder.runs/fir_compiler_0_synth_1/fir_compiler_0.dcp' has been generated.
INFO: [runtcl-4] Executing : report_utilization -file fir_compiler_0_utilization_synth.rpt -pb fir_compiler_0_utilization_synth.pb
INFO: [Common 17-206] Exiting Vivado at Sat Jun 13 13:42:17 2026...
